============================= test session starts =============================
platform win32 -- Python 3.12.12, pytest-9.0.2, pluggy-1.6.0 -- C:\Users\domingueza\ASPEN_PY\.venv\Scripts\python.exe
cachedir: .pytest_cache
rootdir: C:\Users\domingueza\ASPEN_PY
configfile: pyproject.toml
plugins: cov-7.0.0
collecting ... collected 20 items

tests/test_schema.py::test_valid_stream PASSED                           [  5%]
tests/test_schema.py::test_invalid_composition_sum PASSED                [ 10%]
tests/test_schema.py::test_missing_flow PASSED                           [ 15%]
tests/test_schema.py::test_plant_spec_minimal PASSED                     [ 20%]
tests/test_parser.py::test_load_valid_yaml PASSED                        [ 25%]
tests/test_parser.py::test_load_valid_json PASSED                        [ 30%]
tests/test_parser.py::test_file_not_found PASSED                         [ 35%]
tests/test_parser.py::test_load_invalid_raises_error PASSED              [ 40%]
tests/test_parser.py::test_load_no_validate PASSED                       [ 45%]
tests/test_parser.py::test_yaml_syntax_error PASSED                      [ 50%]
tests/test_parser.py::test_json_syntax_error PASSED                      [ 55%]
tests/test_validator.py::test_rule1_missing_sections PASSED              [ 60%]
tests/test_validator.py::test_rule2_invalid_component_ref PASSED         [ 65%]
tests/test_validator.py::test_rule3_invalid_stream_connectivity PASSED   [ 70%]
tests/test_validator.py::test_rule4_composition_sum PASSED               [ 75%]
tests/test_validator.py::test_rule5_invalid_block_ref PASSED             [ 80%]
tests/test_validator.py::test_rule6_invalid_units PASSED                 [ 85%]
tests/test_validator.py::test_rule7_missing_required_fields PASSED       [ 90%]
tests/test_validator.py::test_rule8_type_validation PASSED               [ 95%]
tests/test_validator.py::test_valid_spec_passes_all PASSED               [100%]

============================= 20 passed in 0.31s ==============================
