============================= test session starts =============================
platform win32 -- Python 3.12.12, pytest-9.0.2, pluggy-1.6.0 -- C:\Users\domingueza\ASPEN_PY\.venv\Scripts\python.exe
cachedir: .pytest_cache
rootdir: C:\Users\domingueza\ASPEN_PY
configfile: pyproject.toml
plugins: cov-7.0.0
collecting ... collected 0 items / 1 error

=================================== ERRORS ====================================
____________________ ERROR collecting tests/test_schema.py ____________________
ImportError while importing test module 'C:\Users\domingueza\ASPEN_PY\tests\test_schema.py'.
Hint: make sure your test modules/packages have valid Python names.
Traceback:
..\AppData\Roaming\uv\python\cpython-3.12.12-windows-x86_64-none\Lib\importlib\__init__.py:90: in import_module
    return _bootstrap._gcd_import(name[level:], package, level)
           ^^^^^^^^^^^^^^^^^^^^^^^^^^^^^^^^^^^^^^^^^^^^^^^^^^^^
tests\test_schema.py:2: in <module>
    from aspen_automation.schema import PlantSpecification, Stream, Component, Metadata, UnitSystem, Properties
E   ModuleNotFoundError: No module named 'aspen_automation'
=========================== short test summary info ===========================
ERROR tests/test_schema.py
!!!!!!!!!!!!!!!!!!! Interrupted: 1 error during collection !!!!!!!!!!!!!!!!!!!!
============================== 1 error in 0.10s ===============================
