============================= test session starts =============================
platform win32 -- Python 3.12.12, pytest-9.0.2, pluggy-1.6.0 -- C:\Users\domingueza\ASPEN_PY\.venv\Scripts\python.exe
cachedir: .pytest_cache
rootdir: C:\Users\domingueza\ASPEN_PY
configfile: pyproject.toml
plugins: cov-7.0.0
collecting ... collected 7 items

tests/test_inp_generator.py::test_generate_minimal_inp PASSED            [ 14%]
tests/test_inp_generator.py::test_generate_complex_inp PASSED            [ 28%]
tests/test_inp_generator.py::test_inp_unit_conversion PASSED             [ 42%]
tests/test_inp_generator.py::test_inp_chemistry_section PASSED           [ 57%]
tests/test_inp_generator.py::test_generate_inp_file_output PASSED        [ 71%]
tests/test_inp_generator.py::test_structure_comparison_with_baseline PASSED [ 85%]
tests/test_inp_generator.py::test_compare_with_golden_minimal PASSED     [100%]

============================== 7 passed in 0.27s ==============================
